<?xml version="1.0" encoding="UTF-8"?>
<coverage generated="1674576271503" clover="3.2.0">
  <project timestamp="1674576271503" name="All files">
    <metrics statements="16" coveredstatements="16" conditionals="4" coveredconditionals="4" methods="5" coveredmethods="5" elements="25" coveredelements="25" complexity="0" loc="16" ncloc="16" packages="1" files="2" classes="2"/>
    <file name="bank.js" path="/Users/Anisha/Desktop/Projects/tech-test/bank-tech-test/bank.js">
      <metrics statements="9" coveredstatements="9" conditionals="2" coveredconditionals="2" methods="3" coveredmethods="3"/>
      <line num="3" count="4" type="stmt"/>
      <line num="4" count="4" type="stmt"/>
      <line num="17" count="6" type="cond" truecount="2" falsecount="0"/>
      <line num="18" count="5" type="stmt"/>
      <line num="19" count="5" type="stmt"/>
      <line num="21" count="1" type="stmt"/>
      <line num="22" count="1" type="stmt"/>
      <line num="27" count="4" type="stmt"/>
      <line num="36" count="1" type="stmt"/>
    </file>
    <file name="transaction.js" path="/Users/Anisha/Desktop/Projects/tech-test/bank-tech-test/transaction.js">
      <metrics statements="7" coveredstatements="7" conditionals="2" coveredconditionals="2" methods="2" coveredmethods="2"/>
      <line num="3" count="5" type="stmt"/>
      <line num="4" count="5" type="stmt"/>
      <line num="5" count="5" type="stmt"/>
      <line num="9" count="2" type="cond" truecount="2" falsecount="0"/>
      <line num="10" count="1" type="stmt"/>
      <line num="12" count="1" type="stmt"/>
      <line num="19" count="1" type="stmt"/>
    </file>
  </project>
</coverage>
