TN:
SF:bank.js
FN:2,(anonymous_0)
FN:15,(anonymous_1)
FN:26,(anonymous_2)
FNF:3
FNH:3
FNDA:4,(anonymous_0)
FNDA:6,(anonymous_1)
FNDA:4,(anonymous_2)
DA:3,4
DA:4,4
DA:17,6
DA:18,5
DA:19,5
DA:21,1
DA:22,1
DA:27,4
DA:36,1
LF:9
LH:9
BRDA:17,0,0,5
BRDA:17,0,1,1
BRF:2
BRH:2
end_of_record
TN:
SF:transaction.js
FN:2,(anonymous_0)
FN:8,(anonymous_1)
FNF:2
FNH:2
FNDA:5,(anonymous_0)
FNDA:2,(anonymous_1)
DA:3,5
DA:4,5
DA:5,5
DA:9,2
DA:10,1
DA:12,1
DA:19,1
LF:7
LH:7
BRDA:9,0,0,1
BRDA:9,0,1,1
BRF:2
BRH:2
end_of_record
